TN:
SF:src/App.jsx
FN:8,App
FNF:1
FNH:1
FNDA:7,App
DA:9,7
LF:1
LH:1
BRF:0
BRH:0
end_of_record
TN:
SF:src/test-utils.jsx
FN:24,(anonymous_0)
FN:39,(anonymous_1)
FNF:2
FNH:2
FNDA:48,(anonymous_0)
FNDA:1,(anonymous_1)
DA:24,6
DA:25,48
DA:39,6
DA:40,1
LF:4
LH:4
BRF:0
BRH:0
end_of_record
TN:
SF:src/theme.js
FNF:0
FNH:0
DA:2,6
LF:1
LH:1
BRF:0
BRH:0
end_of_record
TN:
SF:src/components/Button/Button.jsx
FN:8,(anonymous_0)
FN:9,(anonymous_1)
FN:15,(anonymous_2)
FN:16,(anonymous_3)
FN:21,(anonymous_4)
FN:22,(anonymous_5)
FN:23,(anonymous_6)
FN:28,(anonymous_7)
FN:29,(anonymous_8)
FN:37,(anonymous_9)
FN:37,(anonymous_10)
FN:38,(anonymous_11)
FN:40,(anonymous_12)
FN:44,(anonymous_13)
FN:44,(anonymous_14)
FN:45,(anonymous_15)
FN:47,(anonymous_16)
FN:55,(anonymous_17)
FN:59,(anonymous_18)
FN:62,(anonymous_19)
FN:66,(anonymous_20)
FNF:21
FNH:21
FNDA:53,(anonymous_0)
FNDA:53,(anonymous_1)
FNDA:53,(anonymous_2)
FNDA:53,(anonymous_3)
FNDA:50,(anonymous_4)
FNDA:50,(anonymous_5)
FNDA:50,(anonymous_6)
FNDA:50,(anonymous_7)
FNDA:50,(anonymous_8)
FNDA:4,(anonymous_9)
FNDA:4,(anonymous_10)
FNDA:4,(anonymous_11)
FNDA:4,(anonymous_12)
FNDA:99,(anonymous_13)
FNDA:99,(anonymous_14)
FNDA:99,(anonymous_15)
FNDA:99,(anonymous_16)
FNDA:103,(anonymous_17)
FNDA:103,(anonymous_18)
FNDA:103,(anonymous_19)
FNDA:103,(anonymous_20)
DA:6,3
DA:8,53
DA:9,53
DA:15,53
DA:16,53
DA:21,50
DA:22,50
DA:23,50
DA:28,50
DA:29,50
DA:35,3
DA:37,4
DA:38,4
DA:40,4
DA:44,99
DA:45,99
DA:47,99
DA:51,3
DA:55,103
DA:59,103
DA:62,103
DA:66,3
DA:67,103
LF:23
LH:23
BRDA:59,0,0,103
BRDA:59,0,1,4
BRDA:62,1,0,103
BRDA:62,1,1,4
BRF:4
BRH:4
end_of_record
TN:
SF:src/components/Button/index.js
FNF:0
FNH:0
LF:0
LH:0
BRF:0
BRH:0
end_of_record
TN:
SF:src/components/Header/Header.jsx
FN:13,(anonymous_0)
FN:14,(anonymous_1)
FN:15,(anonymous_2)
FN:21,(anonymous_3)
FN:24,Header
FN:26,(anonymous_5)
FN:29,(anonymous_6)
FNF:7
FNH:7
FNDA:49,(anonymous_0)
FNDA:49,(anonymous_1)
FNDA:49,(anonymous_2)
FNDA:98,(anonymous_3)
FNDA:49,Header
FNDA:31,(anonymous_5)
FNDA:4,(anonymous_6)
DA:9,2
DA:13,49
DA:14,49
DA:15,49
DA:18,2
DA:21,98
DA:25,49
DA:26,49
DA:27,31
DA:29,49
DA:30,4
DA:31,4
DA:32,2
DA:34,2
DA:35,2
DA:37,49
LF:16
LH:16
BRDA:31,0,0,2
BRDA:31,0,1,2
BRF:2
BRH:2
end_of_record
TN:
SF:src/components/Header/index.js
FNF:0
FNH:0
LF:0
LH:0
BRF:0
BRH:0
end_of_record
TN:
SF:src/components/Input/Input.jsx
FN:7,(anonymous_0)
FN:7,(anonymous_1)
FN:8,(anonymous_2)
FN:10,(anonymous_3)
FN:11,(anonymous_4)
FN:16,(anonymous_5)
FN:20,(anonymous_6)
FN:23,(anonymous_7)
FN:26,Input
FNF:9
FNH:9
FNDA:104,(anonymous_0)
FNDA:104,(anonymous_1)
FNDA:104,(anonymous_2)
FNDA:104,(anonymous_3)
FNDA:104,(anonymous_4)
FNDA:104,(anonymous_5)
FNDA:104,(anonymous_6)
FNDA:104,(anonymous_7)
FNDA:104,Input
DA:5,4
DA:7,104
DA:8,104
DA:10,104
DA:11,104
DA:15,4
DA:16,104
DA:20,104
DA:23,104
DA:27,104
LF:10
LH:10
BRDA:23,0,0,104
BRDA:23,0,1,54
BRF:2
BRH:2
end_of_record
TN:
SF:src/components/Input/index.js
FNF:0
FNH:0
LF:0
LH:0
BRF:0
BRH:0
end_of_record
TN:
SF:src/components/Logo/Logo.jsx
FN:12,(anonymous_0)
FN:16,(anonymous_1)
FN:17,(anonymous_2)
FN:27,(anonymous_3)
FN:28,(anonymous_4)
FN:29,(anonymous_5)
FN:32,(anonymous_6)
FNF:7
FNH:7
FNDA:53,(anonymous_0)
FNDA:53,(anonymous_1)
FNDA:53,(anonymous_2)
FNDA:53,(anonymous_3)
FNDA:53,(anonymous_4)
FNDA:53,(anonymous_5)
FNDA:53,(anonymous_6)
DA:7,3
DA:12,53
DA:15,3
DA:16,53
DA:17,53
DA:20,3
DA:26,3
DA:27,53
DA:28,53
DA:29,53
DA:32,3
DA:33,53
LF:12
LH:12
BRF:0
BRH:0
end_of_record
TN:
SF:src/components/Logo/index.js
FNF:0
FNH:0
LF:0
LH:0
BRF:0
BRH:0
end_of_record
TN:
SF:src/components/SearchInput/SearchInput.jsx
FN:7,SearchInput
FNF:1
FNH:1
FNDA:60,SearchInput
DA:8,60
LF:1
LH:1
BRF:0
BRH:0
end_of_record
TN:
SF:src/components/SearchInput/index.js
FNF:0
FNH:0
LF:0
LH:0
BRF:0
BRH:0
end_of_record
