TN:
SF:src/App.jsx
FN:6,App
FNF:1
FNH:0
FNDA:0,App
DA:7,0
LF:1
LH:0
BRF:0
BRH:0
end_of_record
TN:
SF:src/test-utils.jsx
FN:22,(anonymous_0)
FNF:1
FNH:1
FNDA:32,(anonymous_0)
DA:22,3
DA:23,32
LF:2
LH:2
BRF:0
BRH:0
end_of_record
TN:
SF:src/theme.js
FNF:0
FNH:0
DA:2,3
LF:1
LH:1
BRF:0
BRH:0
end_of_record
TN:
SF:src/components/Button/Button.jsx
FN:7,(anonymous_0)
FN:8,(anonymous_1)
FN:14,(anonymous_2)
FN:15,(anonymous_3)
FN:20,(anonymous_4)
FN:21,(anonymous_5)
FN:22,(anonymous_6)
FN:27,(anonymous_7)
FN:28,(anonymous_8)
FN:36,(anonymous_9)
FN:36,(anonymous_10)
FN:37,(anonymous_11)
FN:39,(anonymous_12)
FN:43,(anonymous_13)
FN:43,(anonymous_14)
FN:44,(anonymous_15)
FN:46,(anonymous_16)
FN:54,(anonymous_17)
FN:58,(anonymous_18)
FN:61,(anonymous_19)
FN:65,(anonymous_20)
FNF:21
FNH:21
FNDA:46,(anonymous_0)
FNDA:46,(anonymous_1)
FNDA:46,(anonymous_2)
FNDA:46,(anonymous_3)
FNDA:43,(anonymous_4)
FNDA:43,(anonymous_5)
FNDA:43,(anonymous_6)
FNDA:43,(anonymous_7)
FNDA:43,(anonymous_8)
FNDA:4,(anonymous_9)
FNDA:4,(anonymous_10)
FNDA:4,(anonymous_11)
FNDA:4,(anonymous_12)
FNDA:85,(anonymous_13)
FNDA:85,(anonymous_14)
FNDA:85,(anonymous_15)
FNDA:85,(anonymous_16)
FNDA:89,(anonymous_17)
FNDA:89,(anonymous_18)
FNDA:89,(anonymous_19)
FNDA:89,(anonymous_20)
DA:5,2
DA:7,46
DA:8,46
DA:14,46
DA:15,46
DA:20,43
DA:21,43
DA:22,43
DA:27,43
DA:28,43
DA:34,2
DA:36,4
DA:37,4
DA:39,4
DA:43,85
DA:44,85
DA:46,85
DA:50,2
DA:54,89
DA:58,89
DA:61,89
DA:65,2
DA:66,89
LF:23
LH:23
BRDA:58,0,0,89
BRDA:58,0,1,4
BRDA:61,1,0,89
BRDA:61,1,1,4
BRF:4
BRH:4
end_of_record
TN:
SF:src/components/Button/index.js
FNF:0
FNH:0
LF:0
LH:0
BRF:0
BRH:0
end_of_record
TN:
SF:src/components/Header/Header.jsx
FN:13,(anonymous_0)
FN:14,(anonymous_1)
FN:15,(anonymous_2)
FN:21,(anonymous_3)
FN:24,Header
FN:26,(anonymous_5)
FN:29,(anonymous_6)
FNF:7
FNH:7
FNDA:42,(anonymous_0)
FNDA:42,(anonymous_1)
FNDA:42,(anonymous_2)
FNDA:84,(anonymous_3)
FNDA:42,Header
FNDA:31,(anonymous_5)
FNDA:4,(anonymous_6)
DA:9,1
DA:13,42
DA:14,42
DA:15,42
DA:18,1
DA:21,84
DA:25,42
DA:26,42
DA:27,31
DA:29,42
DA:30,4
DA:31,4
DA:32,2
DA:34,2
DA:35,2
DA:37,42
LF:16
LH:16
BRDA:31,0,0,2
BRDA:31,0,1,2
BRF:2
BRH:2
end_of_record
TN:
SF:src/components/Header/index.js
FNF:0
FNH:0
LF:0
LH:0
BRF:0
BRH:0
end_of_record
TN:
SF:src/components/Input/Input.jsx
FN:7,(anonymous_0)
FN:7,(anonymous_1)
FN:8,(anonymous_2)
FN:10,(anonymous_3)
FN:11,(anonymous_4)
FN:16,(anonymous_5)
FN:20,(anonymous_6)
FN:23,(anonymous_7)
FN:26,Input
FNF:9
FNH:9
FNDA:90,(anonymous_0)
FNDA:90,(anonymous_1)
FNDA:90,(anonymous_2)
FNDA:90,(anonymous_3)
FNDA:90,(anonymous_4)
FNDA:90,(anonymous_5)
FNDA:90,(anonymous_6)
FNDA:90,(anonymous_7)
FNDA:90,Input
DA:5,2
DA:7,90
DA:8,90
DA:10,90
DA:11,90
DA:15,2
DA:16,90
DA:20,90
DA:23,90
DA:27,90
LF:10
LH:10
BRDA:23,0,0,90
BRDA:23,0,1,47
BRF:2
BRH:2
end_of_record
TN:
SF:src/components/Input/index.js
FNF:0
FNH:0
LF:0
LH:0
BRF:0
BRH:0
end_of_record
TN:
SF:src/components/Logo/Logo.jsx
FN:11,(anonymous_0)
FN:15,(anonymous_1)
FN:16,(anonymous_2)
FN:26,(anonymous_3)
FN:27,(anonymous_4)
FN:28,(anonymous_5)
FN:31,(anonymous_6)
FNF:7
FNH:7
FNDA:42,(anonymous_0)
FNDA:42,(anonymous_1)
FNDA:42,(anonymous_2)
FNDA:42,(anonymous_3)
FNDA:42,(anonymous_4)
FNDA:42,(anonymous_5)
FNDA:42,(anonymous_6)
DA:6,1
DA:11,42
DA:14,1
DA:15,42
DA:16,42
DA:19,1
DA:25,1
DA:26,42
DA:27,42
DA:28,42
DA:31,1
DA:32,42
LF:12
LH:12
BRF:0
BRH:0
end_of_record
TN:
SF:src/components/Logo/index.js
FNF:0
FNH:0
LF:0
LH:0
BRF:0
BRH:0
end_of_record
TN:
SF:src/components/SearchInput/SearchInput.jsx
FN:7,SearchInput
FNF:1
FNH:1
FNDA:42,SearchInput
DA:8,42
LF:1
LH:1
BRF:0
BRH:0
end_of_record
TN:
SF:src/components/SearchInput/index.js
FNF:0
FNH:0
LF:0
LH:0
BRF:0
BRH:0
end_of_record
